{
"/home/rudolfs/Projects/fastflux/core/store.js":{"path":"/home/rudolfs/Projects/fastflux/core/store.js","s":{"1":1,"2":1,"3":1,"4":1,"5":1,"6":1,"7":1,"8":1,"9":1,"10":8,"11":3,"12":5,"13":1,"14":4,"15":1,"16":4,"17":4,"18":1,"19":1,"20":1,"21":1,"22":3,"23":1,"24":14,"25":14,"26":9,"27":1,"28":8,"29":5,"30":13,"31":13,"32":1,"33":12,"34":12,"35":1,"36":5,"37":1,"38":8,"39":1},"b":{"1":[3,5],"2":[1,4],"3":[5,4],"4":[1,3],"5":[9,5],"6":[1,8],"7":[13,11],"8":[1,12],"9":[13,13,8]},"f":{"1":8,"2":3,"3":14,"4":5,"5":8},"fnMap":{"1":{"name":"Store","line":13,"loc":{"start":{"line":13,"column":0},"end":{"line":13,"column":39}}},"2":{"name":"emit","line":34,"loc":{"start":{"line":34,"column":23},"end":{"line":34,"column":39}}},"3":{"name":"send","line":38,"loc":{"start":{"line":38,"column":23},"end":{"line":38,"column":55}}},"4":{"name":"getState","line":54,"loc":{"start":{"line":54,"column":27},"end":{"line":54,"column":47}}},"5":{"name":"createStore","line":58,"loc":{"start":{"line":58,"column":0},"end":{"line":58,"column":45}}}},"statementMap":{"1":{"start":{"line":1,"column":0},"end":{"line":1,"column":39}},"2":{"start":{"line":3,"column":0},"end":{"line":3,"column":39}},"3":{"start":{"line":5,"column":0},"end":{"line":5,"column":36}},"4":{"start":{"line":7,"column":0},"end":{"line":7,"column":32}},"5":{"start":{"line":8,"column":0},"end":{"line":8,"column":36}},"6":{"start":{"line":9,"column":0},"end":{"line":9,"column":54}},"7":{"start":{"line":10,"column":0},"end":{"line":10,"column":32}},"8":{"start":{"line":11,"column":0},"end":{"line":11,"column":30}},"9":{"start":{"line":13,"column":0},"end":{"line":28,"column":1}},"10":{"start":{"line":14,"column":2},"end":{"line":14,"column":128}},"11":{"start":{"line":14,"column":34},"end":{"line":14,"column":128}},"12":{"start":{"line":16,"column":2},"end":{"line":16,"column":228}},"13":{"start":{"line":16,"column":70},"end":{"line":16,"column":228}},"14":{"start":{"line":18,"column":2},"end":{"line":20,"column":3}},"15":{"start":{"line":19,"column":4},"end":{"line":19,"column":39}},"16":{"start":{"line":22,"column":2},"end":{"line":22,"column":24}},"17":{"start":{"line":24,"column":2},"end":{"line":27,"column":5}},"18":{"start":{"line":29,"column":0},"end":{"line":29,"column":29}},"19":{"start":{"line":31,"column":0},"end":{"line":31,"column":47}},"20":{"start":{"line":32,"column":0},"end":{"line":32,"column":36}},"21":{"start":{"line":34,"column":0},"end":{"line":36,"column":2}},"22":{"start":{"line":35,"column":2},"end":{"line":35,"column":62}},"23":{"start":{"line":38,"column":0},"end":{"line":52,"column":2}},"24":{"start":{"line":39,"column":2},"end":{"line":39,"column":14}},"25":{"start":{"line":41,"column":2},"end":{"line":44,"column":34}},"26":{"start":{"line":42,"column":4},"end":{"line":42,"column":61}},"27":{"start":{"line":42,"column":54},"end":{"line":42,"column":61}},"28":{"start":{"line":43,"column":4},"end":{"line":43,"column":43}},"29":{"start":{"line":44,"column":9},"end":{"line":44,"column":34}},"30":{"start":{"line":46,"column":2},"end":{"line":46,"column":67}},"31":{"start":{"line":48,"column":2},"end":{"line":48,"column":104}},"32":{"start":{"line":48,"column":97},"end":{"line":48,"column":104}},"33":{"start":{"line":50,"column":2},"end":{"line":50,"column":25}},"34":{"start":{"line":51,"column":2},"end":{"line":51,"column":52}},"35":{"start":{"line":54,"column":0},"end":{"line":56,"column":2}},"36":{"start":{"line":55,"column":2},"end":{"line":55,"column":21}},"37":{"start":{"line":58,"column":0},"end":{"line":60,"column":1}},"38":{"start":{"line":59,"column":2},"end":{"line":59,"column":62}},"39":{"start":{"line":61,"column":0},"end":{"line":61,"column":41}}},"branchMap":{"1":{"line":14,"type":"if","locations":[{"start":{"line":14,"column":2},"end":{"line":14,"column":2}},{"start":{"line":14,"column":2},"end":{"line":14,"column":2}}]},"2":{"line":16,"type":"if","locations":[{"start":{"line":16,"column":2},"end":{"line":16,"column":2}},{"start":{"line":16,"column":2},"end":{"line":16,"column":2}}]},"3":{"line":16,"type":"binary-expr","locations":[{"start":{"line":16,"column":6},"end":{"line":16,"column":34}},{"start":{"line":16,"column":38},"end":{"line":16,"column":68}}]},"4":{"line":18,"type":"if","locations":[{"start":{"line":18,"column":2},"end":{"line":18,"column":2}},{"start":{"line":18,"column":2},"end":{"line":18,"column":2}}]},"5":{"line":41,"type":"if","locations":[{"start":{"line":41,"column":2},"end":{"line":41,"column":2}},{"start":{"line":41,"column":2},"end":{"line":41,"column":2}}]},"6":{"line":42,"type":"if","locations":[{"start":{"line":42,"column":4},"end":{"line":42,"column":4}},{"start":{"line":42,"column":4},"end":{"line":42,"column":4}}]},"7":{"line":46,"type":"binary-expr","locations":[{"start":{"line":46,"column":30},"end":{"line":46,"column":37}},{"start":{"line":46,"column":41},"end":{"line":46,"column":43}}]},"8":{"line":48,"type":"if","locations":[{"start":{"line":48,"column":2},"end":{"line":48,"column":2}},{"start":{"line":48,"column":2},"end":{"line":48,"column":2}}]},"9":{"line":48,"type":"binary-expr","locations":[{"start":{"line":48,"column":6},"end":{"line":48,"column":22}},{"start":{"line":48,"column":26},"end":{"line":48,"column":63}},{"start":{"line":48,"column":67},"end":{"line":48,"column":95}}]}},"l":{"1":1,"3":1,"5":1,"7":1,"8":1,"9":1,"10":1,"11":1,"13":1,"14":8,"16":5,"18":4,"19":1,"22":4,"24":4,"29":1,"31":1,"32":1,"34":1,"35":3,"38":1,"39":14,"41":14,"42":9,"43":8,"44":5,"46":13,"48":13,"50":12,"51":12,"54":1,"55":5,"58":1,"59":8,"61":1}},
"/home/rudolfs/Projects/fastflux/core/observable.js":{"path":"/home/rudolfs/Projects/fastflux/core/observable.js","s":{"1":1,"2":1,"3":1,"4":1,"5":4,"6":1,"7":1,"8":4,"9":3,"10":1,"11":1,"12":4,"13":4,"14":3,"15":1,"16":1,"17":12,"18":12},"b":{"1":[3,1],"2":[3,1]},"f":{"1":4,"2":4,"3":4,"4":12},"fnMap":{"1":{"name":"Observable","line":6,"loc":{"start":{"line":6,"column":0},"end":{"line":6,"column":22}}},"2":{"name":"observe","line":13,"loc":{"start":{"line":13,"column":31},"end":{"line":13,"column":52}}},"3":{"name":"unobserve","line":17,"loc":{"start":{"line":17,"column":33},"end":{"line":17,"column":56}}},"4":{"name":"emit","line":22,"loc":{"start":{"line":22,"column":28},"end":{"line":22,"column":44}}}},"statementMap":{"1":{"start":{"line":1,"column":0},"end":{"line":1,"column":35}},"2":{"start":{"line":3,"column":0},"end":{"line":3,"column":33}},"3":{"start":{"line":4,"column":0},"end":{"line":4,"column":25}},"4":{"start":{"line":6,"column":0},"end":{"line":10,"column":1}},"5":{"start":{"line":7,"column":2},"end":{"line":9,"column":5}},"6":{"start":{"line":11,"column":0},"end":{"line":11,"column":39}},"7":{"start":{"line":13,"column":0},"end":{"line":15,"column":2}},"8":{"start":{"line":14,"column":2},"end":{"line":14,"column":128}},"9":{"start":{"line":14,"column":42},"end":{"line":14,"column":67}},"10":{"start":{"line":14,"column":72},"end":{"line":14,"column":128}},"11":{"start":{"line":17,"column":0},"end":{"line":20,"column":2}},"12":{"start":{"line":18,"column":2},"end":{"line":18,"column":40}},"13":{"start":{"line":19,"column":2},"end":{"line":19,"column":111}},"14":{"start":{"line":19,"column":18},"end":{"line":19,"column":49}},"15":{"start":{"line":19,"column":54},"end":{"line":19,"column":111}},"16":{"start":{"line":22,"column":0},"end":{"line":26,"column":2}},"17":{"start":{"line":23,"column":2},"end":{"line":25,"column":3}},"18":{"start":{"line":24,"column":4},"end":{"line":24,"column":46}}},"branchMap":{"1":{"line":14,"type":"if","locations":[{"start":{"line":14,"column":2},"end":{"line":14,"column":2}},{"start":{"line":14,"column":2},"end":{"line":14,"column":2}}]},"2":{"line":19,"type":"if","locations":[{"start":{"line":19,"column":2},"end":{"line":19,"column":2}},{"start":{"line":19,"column":2},"end":{"line":19,"column":2}}]}},"l":{"1":1,"3":1,"4":1,"6":1,"7":4,"11":1,"13":1,"14":4,"17":1,"18":4,"19":4,"22":1,"23":12,"24":12}},
"/home/rudolfs/Projects/fastflux/core/subscriber.js":{"path":"/home/rudolfs/Projects/fastflux/core/subscriber.js","s":{"1":1,"2":1,"3":1,"4":1,"5":1,"6":1,"7":1,"8":1,"9":1,"10":1,"11":1,"12":1,"13":1,"14":1,"15":1,"16":2,"17":2,"18":1,"19":1,"20":1,"21":0,"22":1,"23":1,"24":1,"25":1,"26":1,"27":1,"28":1,"29":1,"30":1,"31":1,"32":1,"33":1,"34":1,"35":1,"36":1,"37":1,"38":2,"39":1},"b":{"1":[1,1],"2":[0,1]},"f":{"1":1,"2":1,"3":1,"4":1,"5":1,"6":1,"7":2},"fnMap":{"1":{"name":"createSubscriber","line":12,"loc":{"start":{"line":12,"column":17},"end":{"line":12,"column":61}}},"2":{"name":"(anonymous_2)","line":14,"loc":{"start":{"line":14,"column":16},"end":{"line":14,"column":42}}},"3":{"name":"(anonymous_3)","line":38,"loc":{"start":{"line":38,"column":33},"end":{"line":38,"column":45}}},"4":{"name":"(anonymous_4)","line":41,"loc":{"start":{"line":41,"column":20},"end":{"line":41,"column":33}}},"5":{"name":"(anonymous_5)","line":43,"loc":{"start":{"line":43,"column":44},"end":{"line":43,"column":61}}},"6":{"name":"(anonymous_6)","line":56,"loc":{"start":{"line":56,"column":35},"end":{"line":56,"column":47}}},"7":{"name":"(anonymous_7)","line":63,"loc":{"start":{"line":63,"column":21},"end":{"line":63,"column":33}}}},"statementMap":{"1":{"start":{"line":1,"column":0},"end":{"line":1,"column":35}},"2":{"start":{"line":3,"column":0},"end":{"line":3,"column":43}},"3":{"start":{"line":4,"column":0},"end":{"line":4,"column":31}},"4":{"start":{"line":5,"column":0},"end":{"line":5,"column":31}},"5":{"start":{"line":7,"column":0},"end":{"line":7,"column":33}},"6":{"start":{"line":9,"column":0},"end":{"line":9,"column":38}},"7":{"start":{"line":10,"column":0},"end":{"line":10,"column":35}},"8":{"start":{"line":12,"column":0},"end":{"line":70,"column":2}},"9":{"start":{"line":14,"column":2},"end":{"line":32,"column":4}},"10":{"start":{"line":15,"column":4},"end":{"line":15,"column":41}},"11":{"start":{"line":17,"column":4},"end":{"line":17,"column":26}},"12":{"start":{"line":18,"column":4},"end":{"line":18,"column":30}},"13":{"start":{"line":19,"column":4},"end":{"line":19,"column":23}},"14":{"start":{"line":21,"column":4},"end":{"line":21,"column":19}},"15":{"start":{"line":23,"column":4},"end":{"line":29,"column":5}},"16":{"start":{"line":24,"column":6},"end":{"line":24,"column":31}},"17":{"start":{"line":25,"column":6},"end":{"line":28,"column":7}},"18":{"start":{"line":25,"column":31},"end":{"line":25,"column":58}},"19":{"start":{"line":26,"column":8},"end":{"line":26,"column":39}},"20":{"start":{"line":27,"column":8},"end":{"line":27,"column":97}},"21":{"start":{"line":27,"column":49},"end":{"line":27,"column":65}},"22":{"start":{"line":27,"column":70},"end":{"line":27,"column":97}},"23":{"start":{"line":31,"column":4},"end":{"line":31,"column":23}},"24":{"start":{"line":34,"column":2},"end":{"line":67,"column":5}},"25":{"start":{"line":39,"column":8},"end":{"line":39,"column":25}},"26":{"start":{"line":41,"column":8},"end":{"line":49,"column":10}},"27":{"start":{"line":42,"column":10},"end":{"line":42,"column":52}},"28":{"start":{"line":43,"column":10},"end":{"line":47,"column":12}},"29":{"start":{"line":44,"column":12},"end":{"line":44,"column":29}},"30":{"start":{"line":45,"column":12},"end":{"line":45,"column":31}},"31":{"start":{"line":46,"column":12},"end":{"line":46,"column":36}},"32":{"start":{"line":48,"column":10},"end":{"line":48,"column":38}},"33":{"start":{"line":51,"column":8},"end":{"line":53,"column":9}},"34":{"start":{"line":52,"column":10},"end":{"line":52,"column":19}},"35":{"start":{"line":57,"column":8},"end":{"line":60,"column":9}},"36":{"start":{"line":58,"column":10},"end":{"line":58,"column":62}},"37":{"start":{"line":59,"column":10},"end":{"line":59,"column":34}},"38":{"start":{"line":64,"column":8},"end":{"line":64,"column":78}},"39":{"start":{"line":69,"column":2},"end":{"line":69,"column":17}}},"branchMap":{"1":{"line":25,"type":"if","locations":[{"start":{"line":25,"column":6},"end":{"line":25,"column":6}},{"start":{"line":25,"column":6},"end":{"line":25,"column":6}}]},"2":{"line":27,"type":"if","locations":[{"start":{"line":27,"column":8},"end":{"line":27,"column":8}},{"start":{"line":27,"column":8},"end":{"line":27,"column":8}}]}},"l":{"1":1,"3":1,"4":1,"5":1,"7":1,"9":1,"10":1,"12":1,"14":1,"15":1,"17":1,"18":1,"19":1,"21":1,"23":1,"24":2,"25":2,"26":1,"27":1,"31":1,"34":1,"39":1,"41":1,"42":1,"43":1,"44":1,"45":1,"46":1,"48":1,"51":1,"52":1,"57":1,"58":1,"59":1,"64":2,"69":1}}}
