{
"/home/rudolfs/Projects/fastflux/core/store.js":{"path":"/home/rudolfs/Projects/fastflux/core/store.js","s":{"1":1,"2":1,"3":1,"4":1,"5":1,"6":1,"7":1,"8":1,"9":1,"10":7,"11":3,"12":4,"13":1,"14":3,"15":1,"16":3,"17":3,"18":1,"19":1,"20":1,"21":1,"22":3,"23":1,"24":13,"25":13,"26":9,"27":1,"28":8,"29":4,"30":12,"31":12,"32":1,"33":11,"34":11,"35":1,"36":4,"37":1,"38":7,"39":1},"b":{"1":[3,4],"2":[1,3],"3":[4,3],"4":[1,2],"5":[9,4],"6":[1,8],"7":[12,10],"8":[1,11],"9":[12,12,8]},"f":{"1":7,"2":3,"3":13,"4":4,"5":7},"fnMap":{"1":{"name":"Store","line":13,"loc":{"start":{"line":13,"column":0},"end":{"line":13,"column":39}}},"2":{"name":"emit","line":34,"loc":{"start":{"line":34,"column":23},"end":{"line":34,"column":39}}},"3":{"name":"send","line":38,"loc":{"start":{"line":38,"column":23},"end":{"line":38,"column":55}}},"4":{"name":"getState","line":54,"loc":{"start":{"line":54,"column":27},"end":{"line":54,"column":47}}},"5":{"name":"createStore","line":58,"loc":{"start":{"line":58,"column":0},"end":{"line":58,"column":45}}}},"statementMap":{"1":{"start":{"line":1,"column":0},"end":{"line":1,"column":39}},"2":{"start":{"line":3,"column":0},"end":{"line":3,"column":39}},"3":{"start":{"line":5,"column":0},"end":{"line":5,"column":36}},"4":{"start":{"line":7,"column":0},"end":{"line":7,"column":32}},"5":{"start":{"line":8,"column":0},"end":{"line":8,"column":36}},"6":{"start":{"line":9,"column":0},"end":{"line":9,"column":54}},"7":{"start":{"line":10,"column":0},"end":{"line":10,"column":32}},"8":{"start":{"line":11,"column":0},"end":{"line":11,"column":30}},"9":{"start":{"line":13,"column":0},"end":{"line":28,"column":1}},"10":{"start":{"line":14,"column":2},"end":{"line":14,"column":128}},"11":{"start":{"line":14,"column":34},"end":{"line":14,"column":128}},"12":{"start":{"line":16,"column":2},"end":{"line":16,"column":228}},"13":{"start":{"line":16,"column":70},"end":{"line":16,"column":228}},"14":{"start":{"line":18,"column":2},"end":{"line":20,"column":3}},"15":{"start":{"line":19,"column":4},"end":{"line":19,"column":39}},"16":{"start":{"line":22,"column":2},"end":{"line":22,"column":24}},"17":{"start":{"line":24,"column":2},"end":{"line":27,"column":5}},"18":{"start":{"line":29,"column":0},"end":{"line":29,"column":29}},"19":{"start":{"line":31,"column":0},"end":{"line":31,"column":47}},"20":{"start":{"line":32,"column":0},"end":{"line":32,"column":36}},"21":{"start":{"line":34,"column":0},"end":{"line":36,"column":2}},"22":{"start":{"line":35,"column":2},"end":{"line":35,"column":62}},"23":{"start":{"line":38,"column":0},"end":{"line":52,"column":2}},"24":{"start":{"line":39,"column":2},"end":{"line":39,"column":14}},"25":{"start":{"line":41,"column":2},"end":{"line":44,"column":34}},"26":{"start":{"line":42,"column":4},"end":{"line":42,"column":61}},"27":{"start":{"line":42,"column":54},"end":{"line":42,"column":61}},"28":{"start":{"line":43,"column":4},"end":{"line":43,"column":43}},"29":{"start":{"line":44,"column":9},"end":{"line":44,"column":34}},"30":{"start":{"line":46,"column":2},"end":{"line":46,"column":67}},"31":{"start":{"line":48,"column":2},"end":{"line":48,"column":104}},"32":{"start":{"line":48,"column":97},"end":{"line":48,"column":104}},"33":{"start":{"line":50,"column":2},"end":{"line":50,"column":25}},"34":{"start":{"line":51,"column":2},"end":{"line":51,"column":52}},"35":{"start":{"line":54,"column":0},"end":{"line":56,"column":2}},"36":{"start":{"line":55,"column":2},"end":{"line":55,"column":21}},"37":{"start":{"line":58,"column":0},"end":{"line":60,"column":1}},"38":{"start":{"line":59,"column":2},"end":{"line":59,"column":62}},"39":{"start":{"line":61,"column":0},"end":{"line":61,"column":41}}},"branchMap":{"1":{"line":14,"type":"if","locations":[{"start":{"line":14,"column":2},"end":{"line":14,"column":2}},{"start":{"line":14,"column":2},"end":{"line":14,"column":2}}]},"2":{"line":16,"type":"if","locations":[{"start":{"line":16,"column":2},"end":{"line":16,"column":2}},{"start":{"line":16,"column":2},"end":{"line":16,"column":2}}]},"3":{"line":16,"type":"binary-expr","locations":[{"start":{"line":16,"column":6},"end":{"line":16,"column":34}},{"start":{"line":16,"column":38},"end":{"line":16,"column":68}}]},"4":{"line":18,"type":"if","locations":[{"start":{"line":18,"column":2},"end":{"line":18,"column":2}},{"start":{"line":18,"column":2},"end":{"line":18,"column":2}}]},"5":{"line":41,"type":"if","locations":[{"start":{"line":41,"column":2},"end":{"line":41,"column":2}},{"start":{"line":41,"column":2},"end":{"line":41,"column":2}}]},"6":{"line":42,"type":"if","locations":[{"start":{"line":42,"column":4},"end":{"line":42,"column":4}},{"start":{"line":42,"column":4},"end":{"line":42,"column":4}}]},"7":{"line":46,"type":"binary-expr","locations":[{"start":{"line":46,"column":30},"end":{"line":46,"column":37}},{"start":{"line":46,"column":41},"end":{"line":46,"column":43}}]},"8":{"line":48,"type":"if","locations":[{"start":{"line":48,"column":2},"end":{"line":48,"column":2}},{"start":{"line":48,"column":2},"end":{"line":48,"column":2}}]},"9":{"line":48,"type":"binary-expr","locations":[{"start":{"line":48,"column":6},"end":{"line":48,"column":22}},{"start":{"line":48,"column":26},"end":{"line":48,"column":63}},{"start":{"line":48,"column":67},"end":{"line":48,"column":95}}]}},"l":{"1":1,"3":1,"5":1,"7":1,"8":1,"9":1,"10":1,"11":1,"13":1,"14":7,"16":4,"18":3,"19":1,"22":3,"24":3,"29":1,"31":1,"32":1,"34":1,"35":3,"38":1,"39":13,"41":13,"42":9,"43":8,"44":4,"46":12,"48":12,"50":11,"51":11,"54":1,"55":4,"58":1,"59":7,"61":1}},
"/home/rudolfs/Projects/fastflux/core/observable.js":{"path":"/home/rudolfs/Projects/fastflux/core/observable.js","s":{"1":1,"2":1,"3":1,"4":1,"5":3,"6":1,"7":1,"8":3,"9":2,"10":1,"11":1,"12":3,"13":3,"14":2,"15":1,"16":1,"17":11,"18":11},"b":{"1":[2,1],"2":[2,1]},"f":{"1":3,"2":3,"3":3,"4":11},"fnMap":{"1":{"name":"Observable","line":6,"loc":{"start":{"line":6,"column":0},"end":{"line":6,"column":22}}},"2":{"name":"observe","line":13,"loc":{"start":{"line":13,"column":31},"end":{"line":13,"column":52}}},"3":{"name":"unobserve","line":17,"loc":{"start":{"line":17,"column":33},"end":{"line":17,"column":56}}},"4":{"name":"emit","line":22,"loc":{"start":{"line":22,"column":28},"end":{"line":22,"column":44}}}},"statementMap":{"1":{"start":{"line":1,"column":0},"end":{"line":1,"column":35}},"2":{"start":{"line":3,"column":0},"end":{"line":3,"column":33}},"3":{"start":{"line":4,"column":0},"end":{"line":4,"column":25}},"4":{"start":{"line":6,"column":0},"end":{"line":10,"column":1}},"5":{"start":{"line":7,"column":2},"end":{"line":9,"column":5}},"6":{"start":{"line":11,"column":0},"end":{"line":11,"column":39}},"7":{"start":{"line":13,"column":0},"end":{"line":15,"column":2}},"8":{"start":{"line":14,"column":2},"end":{"line":14,"column":128}},"9":{"start":{"line":14,"column":42},"end":{"line":14,"column":67}},"10":{"start":{"line":14,"column":72},"end":{"line":14,"column":128}},"11":{"start":{"line":17,"column":0},"end":{"line":20,"column":2}},"12":{"start":{"line":18,"column":2},"end":{"line":18,"column":40}},"13":{"start":{"line":19,"column":2},"end":{"line":19,"column":111}},"14":{"start":{"line":19,"column":18},"end":{"line":19,"column":49}},"15":{"start":{"line":19,"column":54},"end":{"line":19,"column":111}},"16":{"start":{"line":22,"column":0},"end":{"line":26,"column":2}},"17":{"start":{"line":23,"column":2},"end":{"line":25,"column":3}},"18":{"start":{"line":24,"column":4},"end":{"line":24,"column":46}}},"branchMap":{"1":{"line":14,"type":"if","locations":[{"start":{"line":14,"column":2},"end":{"line":14,"column":2}},{"start":{"line":14,"column":2},"end":{"line":14,"column":2}}]},"2":{"line":19,"type":"if","locations":[{"start":{"line":19,"column":2},"end":{"line":19,"column":2}},{"start":{"line":19,"column":2},"end":{"line":19,"column":2}}]}},"l":{"1":1,"3":1,"4":1,"6":1,"7":3,"11":1,"13":1,"14":3,"17":1,"18":3,"19":3,"22":1,"23":11,"24":11}}}
