TN:
SF:/home/rudolfs/Projects/fastflux/core/store.js
FN:13,Store
FN:34,emit
FN:38,send
FN:54,getState
FN:58,createStore
FNF:5
FNH:5
FNDA:7,Store
FNDA:3,emit
FNDA:13,send
FNDA:4,getState
FNDA:7,createStore
DA:1,1
DA:3,1
DA:5,1
DA:7,1
DA:8,1
DA:9,1
DA:10,1
DA:11,1
DA:13,1
DA:14,7
DA:16,4
DA:18,3
DA:19,1
DA:22,3
DA:24,3
DA:29,1
DA:31,1
DA:32,1
DA:34,1
DA:35,3
DA:38,1
DA:39,13
DA:41,13
DA:42,9
DA:43,8
DA:44,4
DA:46,12
DA:48,12
DA:50,11
DA:51,11
DA:54,1
DA:55,4
DA:58,1
DA:59,7
DA:61,1
LF:35
LH:35
BRDA:14,1,0,3
BRDA:14,1,1,4
BRDA:16,2,0,1
BRDA:16,2,1,3
BRDA:16,3,0,4
BRDA:16,3,1,3
BRDA:18,4,0,1
BRDA:18,4,1,2
BRDA:41,5,0,9
BRDA:41,5,1,4
BRDA:42,6,0,1
BRDA:42,6,1,8
BRDA:46,7,0,12
BRDA:46,7,1,10
BRDA:48,8,0,1
BRDA:48,8,1,11
BRDA:48,9,0,12
BRDA:48,9,1,12
BRDA:48,9,2,8
BRF:19
BRH:19
end_of_record
TN:
SF:/home/rudolfs/Projects/fastflux/core/observable.js
FN:6,Observable
FN:13,observe
FN:17,unobserve
FN:22,emit
FNF:4
FNH:4
FNDA:3,Observable
FNDA:3,observe
FNDA:3,unobserve
FNDA:11,emit
DA:1,1
DA:3,1
DA:4,1
DA:6,1
DA:7,3
DA:11,1
DA:13,1
DA:14,3
DA:17,1
DA:18,3
DA:19,3
DA:22,1
DA:23,11
DA:24,11
LF:14
LH:14
BRDA:14,1,0,2
BRDA:14,1,1,1
BRDA:19,2,0,2
BRDA:19,2,1,1
BRF:4
BRH:4
end_of_record
