TN:
SF:/home/rudolfs/Projects/fastflux/core/store.js
FN:13,Store
FN:34,emit
FN:38,send
FN:54,getState
FN:58,createStore
FNF:5
FNH:5
FNDA:8,Store
FNDA:3,emit
FNDA:14,send
FNDA:5,getState
FNDA:8,createStore
DA:1,1
DA:3,1
DA:5,1
DA:7,1
DA:8,1
DA:9,1
DA:10,1
DA:11,1
DA:13,1
DA:14,8
DA:16,5
DA:18,4
DA:19,1
DA:22,4
DA:24,4
DA:29,1
DA:31,1
DA:32,1
DA:34,1
DA:35,3
DA:38,1
DA:39,14
DA:41,14
DA:42,9
DA:43,8
DA:44,5
DA:46,13
DA:48,13
DA:50,12
DA:51,12
DA:54,1
DA:55,5
DA:58,1
DA:59,8
DA:61,1
LF:35
LH:35
BRDA:14,1,0,3
BRDA:14,1,1,5
BRDA:16,2,0,1
BRDA:16,2,1,4
BRDA:16,3,0,5
BRDA:16,3,1,4
BRDA:18,4,0,1
BRDA:18,4,1,3
BRDA:41,5,0,9
BRDA:41,5,1,5
BRDA:42,6,0,1
BRDA:42,6,1,8
BRDA:46,7,0,13
BRDA:46,7,1,11
BRDA:48,8,0,1
BRDA:48,8,1,12
BRDA:48,9,0,13
BRDA:48,9,1,13
BRDA:48,9,2,8
BRF:19
BRH:19
end_of_record
TN:
SF:/home/rudolfs/Projects/fastflux/core/observable.js
FN:6,Observable
FN:13,observe
FN:17,unobserve
FN:22,emit
FNF:4
FNH:4
FNDA:4,Observable
FNDA:4,observe
FNDA:4,unobserve
FNDA:12,emit
DA:1,1
DA:3,1
DA:4,1
DA:6,1
DA:7,4
DA:11,1
DA:13,1
DA:14,4
DA:17,1
DA:18,4
DA:19,4
DA:22,1
DA:23,12
DA:24,12
LF:14
LH:14
BRDA:14,1,0,3
BRDA:14,1,1,1
BRDA:19,2,0,3
BRDA:19,2,1,1
BRF:4
BRH:4
end_of_record
TN:
SF:/home/rudolfs/Projects/fastflux/core/subscriber.js
FN:12,createSubscriber
FN:14,(anonymous_2)
FN:38,(anonymous_3)
FN:41,(anonymous_4)
FN:43,(anonymous_5)
FN:56,(anonymous_6)
FN:63,(anonymous_7)
FNF:7
FNH:7
FNDA:1,createSubscriber
FNDA:1,(anonymous_2)
FNDA:1,(anonymous_3)
FNDA:1,(anonymous_4)
FNDA:1,(anonymous_5)
FNDA:1,(anonymous_6)
FNDA:2,(anonymous_7)
DA:1,1
DA:3,1
DA:4,1
DA:5,1
DA:7,1
DA:9,1
DA:10,1
DA:12,1
DA:14,1
DA:15,1
DA:17,1
DA:18,1
DA:19,1
DA:21,1
DA:23,1
DA:24,2
DA:25,2
DA:26,1
DA:27,1
DA:31,1
DA:34,1
DA:39,1
DA:41,1
DA:42,1
DA:43,1
DA:44,1
DA:45,1
DA:46,1
DA:48,1
DA:51,1
DA:52,1
DA:57,1
DA:58,1
DA:59,1
DA:64,2
DA:69,1
LF:36
LH:36
BRDA:25,1,0,1
BRDA:25,1,1,1
BRDA:27,2,0,0
BRDA:27,2,1,1
BRF:4
BRH:3
end_of_record
